0 info it worked if it ends with ok
1 verbose cli [ '/home/marcandy/.nvm/versions/node/v6.4.0/bin/node',
1 verbose cli   '/home/marcandy/.nvm/versions/node/v6.4.0/bin/npm',
1 verbose cli   'run',
1 verbose cli   'server' ]
2 info using npm@3.10.3
3 info using node@v6.4.0
4 verbose run-script [ 'preserver', 'server', 'postserver' ]
5 info lifecycle crowd-funder@1.0.0~preserver: crowd-funder@1.0.0
6 silly lifecycle crowd-funder@1.0.0~preserver: no script for preserver, continuing
7 info lifecycle crowd-funder@1.0.0~server: crowd-funder@1.0.0
8 verbose lifecycle crowd-funder@1.0.0~server: unsafe-perm in lifecycle true
9 verbose lifecycle crowd-funder@1.0.0~server: PATH: /home/marcandy/.nvm/versions/node/v6.4.0/lib/node_modules/npm/bin/node-gyp-bin:/home/marcandy/devmtn/projects/ps3-crowdFunder/node_modules/.bin:/home/marcandy/.nvm/versions/node/v6.4.0/bin:/home/marcandy/bin:/home/marcandy/.nvm/versions/node/v6.4.0/bin:/home/marcandy/bin:/home/marcandy/bin:/usr/local/sbin:/usr/local/bin:/usr/sbin:/usr/bin:/sbin:/bin:/usr/games:/usr/local/games:/snap/bin:/snap/bin:/snap/bin
10 verbose lifecycle crowd-funder@1.0.0~server: CWD: /home/marcandy/devmtn/projects/ps3-crowdFunder
11 silly lifecycle crowd-funder@1.0.0~server: Args: [ '-c', 'babel-node server/server.js' ]
12 silly lifecycle crowd-funder@1.0.0~server: Returned: code: 1  signal: null
13 info lifecycle crowd-funder@1.0.0~server: Failed to exec server script
14 verbose stack Error: crowd-funder@1.0.0 server: `babel-node server/server.js`
14 verbose stack Exit status 1
14 verbose stack     at EventEmitter.<anonymous> (/home/marcandy/.nvm/versions/node/v6.4.0/lib/node_modules/npm/lib/utils/lifecycle.js:242:16)
14 verbose stack     at emitTwo (events.js:106:13)
14 verbose stack     at EventEmitter.emit (events.js:191:7)
14 verbose stack     at ChildProcess.<anonymous> (/home/marcandy/.nvm/versions/node/v6.4.0/lib/node_modules/npm/lib/utils/spawn.js:40:14)
14 verbose stack     at emitTwo (events.js:106:13)
14 verbose stack     at ChildProcess.emit (events.js:191:7)
14 verbose stack     at maybeClose (internal/child_process.js:852:16)
14 verbose stack     at Process.ChildProcess._handle.onexit (internal/child_process.js:215:5)
15 verbose pkgid crowd-funder@1.0.0
16 verbose cwd /home/marcandy/devmtn/projects/ps3-crowdFunder
17 error Linux 4.8.0-34-generic
18 error argv "/home/marcandy/.nvm/versions/node/v6.4.0/bin/node" "/home/marcandy/.nvm/versions/node/v6.4.0/bin/npm" "run" "server"
19 error node v6.4.0
20 error npm  v3.10.3
21 error code ELIFECYCLE
22 error crowd-funder@1.0.0 server: `babel-node server/server.js`
22 error Exit status 1
23 error Failed at the crowd-funder@1.0.0 server script 'babel-node server/server.js'.
23 error Make sure you have the latest version of node.js and npm installed.
23 error If you do, this is most likely a problem with the crowd-funder package,
23 error not with npm itself.
23 error Tell the author that this fails on your system:
23 error     babel-node server/server.js
23 error You can get information on how to open an issue for this project with:
23 error     npm bugs crowd-funder
23 error Or if that isn't available, you can get their info via:
23 error     npm owner ls crowd-funder
23 error There is likely additional logging output above.
24 verbose exit [ 1, true ]
